-------- Log file tidalearth.log -------

Executable: vplanet
Version: v2.3.17-2-g2edeec679544660dc326252124ac1c33911d6c01
System Name: tidalearth
Primary Input File: vpl.in
Body File #1: sun.in
Body File #2: tidalearth.in
Allow files to be overwitten: Yes
Mass Units: Grams
Length Units: Meters
Time Units: Seconds
Angle Units: Radians

------- FORMATTING -----
Verbosity Level: 5
Crossover Decade for Scientific Notation: 4
Number of Digits After Decimal: 6
Integration Method: Runge-Kutta4
Direction: Forward
Time Step: 3.155760e+07
Stop Time: 3.155760e+16
Output Interval: 3.155760e+12
Use Variable Timestep: Yes
dEta: 0.001000
Minimum Value of ecc and obl: 1.000000e-10


---- INITIAL SYSTEM PROPERTIES ----
(Age) System Age [sec]: 0.000000 
(Time) Simulation Time [sec]: 0.000000 
(TotAngMom) Total Angular Momentum [kg*m^2/sec]: 3.152739e+35 
(TotEnergy) Total System Energy [kg*m^2/sec^2]: -2.444803e+32 
(PotEnergy) Body's non-orbital Potential Energy [kg*m^2/sec^2]: -2.035337e+31 
(KinEnergy) Body's non-orbital Kinetic Energy [kg*m^2/sec^2]: 4.447928e+26 
(DeltaTime) Average Timestep Over Last Output Interval [sec]: 0.000000 

----- BODY: sun ----
Active Modules: EqTide STELLAR
Module Bit Sum: 67
Color: 000000
(Mass) Mass [kg]: 7.047179e+23 
(Obliquity) Obliquity [rad]: 0.000000 
(PrecA) Body's precession angle [rad]: 0.000000 
(Xobl) Body's sin(obliquity)*cos(precession angle) []: 0.000000 
(Yobl) Body's sin(obliquity)*sin(precession angle) []: 0.000000 
(Zobl) Body's cos(obliquity) []: 1.000000 
(Radius) Radius [m]: 9.771249e+05 
(RadGyra) Radius of Gyration/Moment of Inertia Constant []: 0.500000 
(RotAngMom) Rotational Angular Momentum [kg*m^2/sec]: 1.223268e+31 
(RotKinEnergy) Body's Rotational Energy [kg*m^2/sec^2]: 4.447928e+26 
(RotVel) Rotational Velocity [m/sec]: 71.058529 
(BodyType) Type of Body (0 == planet) []: 0.000000 
(RotRate) Rotational Frequency [/sec]: 7.272205e-05 
(RotPer) Rotational Period [sec]: 8.640000e+04 
(Density) Average Density [kg/m^3]: 1.803335e+05 
(SurfEnFluxTotal) Total Surface Energy Flux [kg*m^2/sec^2/(m^2*sec)]: 0.000000 
(TidalQ) Tidal Q []: 1.000000e+06 
(ImK2) Im(k_2) []: -1.500000e-06 
(K2) k_2 []: 1.500000 
(K2Man) Real Love Number k2 Mantle []: 0.010000 
(Imk2Man) Imaginary Love Number k2 Mantle []: 0.000000 
(TidalQMantle) Mantle's Tidal Q []: 100.000000 
(HEcc) Poincare's h (=e*sin(varpi) []: 0.000000 
(HZLimitDryRunaway) Semi-major axis of Dry Runaway HZ Limit [m]: 5.149026e+09 
(HZLimRecVenus) Recent Venus HZ Limit [m]: 4.243088e+09 
(HZLimRunaway) Runaway Greenhouse HZ Limit [m]: 5.540665e+09 
(HZLimMoistGreenhouse) Moist Greenhouse HZ Limit [m]: 5.614262e+09 
(HZLimMaxGreenhouse) Maximum Greenhouse HZ Limit [m]: 9.516410e+09 
(HZLimEarlyMars) Early Mars HZ Limit [m]: 1.038317e+10 
(Instellation) Orbit-averaged INcident STELLar radiATION [kg*m^2/sec^2/(m^2*sec)]: -1.000000 
(KEcc) Poincare's k (=e*cos(varpi) []: 0.000000 
(Eccentricity) Orbital Eccentricity []: -1.000000 
(OrbEnergy) Body's Total Orbital Energy [kg*m^2/sec^2]: 0.000000 
(MeanMotion) Orbital Mean Motion [/sec]: -1.000000 
(OrbPeriod) Orbital Period [sec]: -1.000000 
(SemiMajorAxis) Semi-major Axis [m]: -1.000000 
(CriticalSemiMajorAxis) Holman & Wiegert (1999) P-type Critical Semi-major Axis [m]: -1.000000 
(COPP) Climate Obliquity Precession Parameter []: 0.000000 
(OrbAngMom) Orbital Angular Momentum [kg*m^2/sec]: 0.000000 
(LongP) Body's Longitude of pericenter [rad]: 0.000000 
(LXUVTot) Total XUV Luminosity [kg*m^2/sec^2/(m^2*sec)]: 5.530548e+20 
(TotOrbEnergy) System's Total Orbital Energy [kg*m^2/sec^2]: -1.877706e+29 
(OrbPotEnergy) Body's Orbital Potential Energy [kg*m^2/sec^2]: -1.000000 
(LostEnergy) Body's Total Lost Energy [kg*m^2/sec^2]: 5.562685e-309 
(LostAngMom) Lost Angular Momentum due to Magnetic Braking [kg*m^2/sec]: 5.562685e-309 
----- EQTIDE PARAMETERS (sun)------
(LockTime) Time when body tidally locked. [sec]: -1.000000 
(BodyDsemiDtEqtide) In EqTide, the total change in semi-major axis is due to dissipation in both bodies. This output parameter returns the change due to current body. []: -1.000000 
(BodyDeccDt) In EqTide, the total change in eccentricity is due to towrues on both bodies. This output parameter returns the change due to current body. []: -1.000000 
(DOblDtEqtide) Time Rate of Change of Obliquity in EqTide [rad/sec]: 5.562685e-309 
(DRotPerDtEqtide) Time Rate of Change of Rotation Period in EqTide []: -6.608944e-300 
(DRotRateDtEqtide) Time Rate of Change of Rotational Frequency in EqTide [/sec^2]: 5.562685e-309 
(EqRotRateDiscrete) CPL2 Discrete Equilibrium Spin Rate [/sec]: -1.000000 
(EqRotPerDiscrete) CPL2 Discrete Equilibrium Spin Period [sec]: -1.000000 
(EqRotRateCont) CPL2 Continuous Equilibrium Spin Rate [/sec]: 0.250002 
(EqRotPerCont) CPL2 Continuous Equilibrium Rotation Period [sec]: 25.132586 
(EqRotPer) Equilibrium Rotation Period [sec]: 4.059214e+06 
(EqTidePower) Equilibrium Power from Tides [/sec]: -1.000000 
(GammaRot) Gamma_Rotation [sec]: -1.000000 
(GammaOrb) Gamma_Orbital [sec]: -1.000000 
(OceanK2) Ocean's Love number k_2 []: 0.010000 
(EnvTidalQ) Envelope Tidal Q []: -1.000000 
(OceanTidalQ) Ocean Tidal Q []: -1.000000 
(TidalTau) Tidal Time Lag [sec]: 1.000000 
(TideLock) Tidally Locked? []: 1.000000 
(RotTimeEqtide) Timescale for Rotational Evolution in EqTide [sec]: 1.307319e+304 
(EnvK2) Envelope's Love number k_2 []: 0.010000 
(OblTimeEqtide) Timescale for Obliquity Evolution in EqTide []: -1.000000 
(PowerEqtide) Internal Power due to Tides in EqTide [kg*m^2/sec^3]: 0.000000 
(SurfEnFluxEqtide) Surface Energy Flux due to Tides in EqTide [kg*m^2/sec^2/(m^2*sec)]: 0.000000 
Tidal Perturbers: tidalearth
----- STELLAR PARAMETERS (sun)------
(Luminosity) Luminosity [kg*m^2/sec^3]: 5.530548e+23 
(LXUVStellar) Base X-ray/XUV Luminosity [kg*m^2/sec^3]: 5.530548e+20 
(Temperature) Effective Temperature [K]: 5778.000000 
(LXUVFrac) Fraction of luminosity in XUV []: 0.001000 
(RossbyNumber) Rossby Number []: 0.078260 
(DRotPerDtStellar) Time Rate of Change of Rotation Period in STELLAR []: 7.078336e-10 
Output Order:
Grid Output Order:

----- BODY: tidalearth ----
Active Modules: EqTide RadHeat ThermInt
Module Bit Sum: 135
Color: 000000
(Mass) Mass [kg]: 5.972186e+24 
(Obliquity) Obliquity [rad]: 0.698132 
(PrecA) Body's precession angle [rad]: 0.000000 
(Xobl) Body's sin(obliquity)*cos(precession angle) []: 0.642788 
(Yobl) Body's sin(obliquity)*sin(precession angle) []: 0.000000 
(Zobl) Body's cos(obliquity) []: 0.766044 
(Radius) Radius [m]: 6.378100e+06 
(RadGyra) Radius of Gyration/Moment of Inertia Constant []: 0.500000 
(RotAngMom) Rotational Angular Momentum [kg*m^2/sec]: 9.401429e+31 
(RotKinEnergy) Body's Rotational Energy [kg*m^2/sec^2]: 7.276153e+25 
(RotVel) Rotational Velocity [m/sec]: 9.872548 
(BodyType) Type of Body (0 == planet) []: 0.000000 
(RotRate) Rotational Frequency [/sec]: 1.547882e-06 
(RotPer) Rotational Period [sec]: 4.059214e+06 
(Density) Average Density [kg/m^3]: 5495.038549 
(SurfEnFluxTotal) Total Surface Energy Flux [kg*m^2/sec^2/(m^2*sec)]: 622.451136 
(TidalQ) Tidal Q []: 2.097599 
(ImK2) Im(k_2) []: -3.086697e-11 
(K2) k_2 []: 1.500000 
(K2Man) Real Love Number k2 Mantle []: 1.500000 
(Imk2Man) Imaginary Love Number k2 Mantle []: -3.086697e-11 
(TidalQMantle) Mantle's Tidal Q []: 2.097599 
(ViscUMan) Upper Mantle Viscosity [m^2/s]: 7.753114e+06 
(HEcc) Poincare's h (=e*sin(varpi) []: 0.000000 
(HZLimitDryRunaway) Semi-major axis of Dry Runaway HZ Limit [m]: 5.945583e+09 
(HZLimRecVenus) Recent Venus HZ Limit [m]: 4.243088e+09 
(HZLimRunaway) Runaway Greenhouse HZ Limit [m]: 5.540665e+09 
(HZLimMoistGreenhouse) Moist Greenhouse HZ Limit [m]: 5.614262e+09 
(HZLimMaxGreenhouse) Maximum Greenhouse HZ Limit [m]: 9.516410e+09 
(HZLimEarlyMars) Early Mars HZ Limit [m]: 1.038317e+10 
(Instellation) Orbit-averaged INcident STELLar radiATION [kg*m^2/sec^2/(m^2*sec)]: 9.083157e+04 
(KEcc) Poincare's k (=e*cos(varpi) []: 0.500000 
(Eccentricity) Orbital Eccentricity []: 0.500000 
(OrbEnergy) Body's Total Orbital Energy [kg*m^2/sec^2]: -1.877706e+29 
(MeanMotion) Orbital Mean Motion [/sec]: 1.031921e-06 
(OrbPeriod) Orbital Period [sec]: 6.088821e+06 
(SemiMajorAxis) Semi-major Axis [m]: 7.479894e+08 
(CriticalSemiMajorAxis) Holman & Wiegert (1999) P-type Critical Semi-major Axis [m]: -1.000000 
(COPP) Climate Obliquity Precession Parameter []: 0.000000 
(OrbAngMom) Orbital Angular Momentum [kg*m^2/sec]: 3.151677e+35 
(LongP) Body's Longitude of pericenter [rad]: 0.000000 
(TotOrbEnergy) System's Total Orbital Energy [kg*m^2/sec^2]: -1.877706e+29 
(OrbPotEnergy) Body's Orbital Potential Energy [kg*m^2/sec^2]: -3.755413e+29 
(LostEnergy) Body's Total Lost Energy [kg*m^2/sec^2]: 5.562685e-309 
----- EQTIDE PARAMETERS (tidalearth)------
(TidalRadius) In EqTide, the value of the radius that enters the tidal evolution equations. This parameter is distinct from others, such as the radius of XUV absorption or a pressure level in an atmosphere. [m]: 6.378100e+06 
(DsemiDtEqtide) Total da/dt from EqTide [m/sec]: -1.541458e-08 
(DeccDtEqtide) Total de/dt from EqTide [/sec]: -6.695089e-18 
(DMeanMotionDtEqtide) Total dMeanMotion/dt from EqTide [/sec^2]: 3.189878e-23 
(DOrbPerDtEqtide) Total dOrbPer/dt from EqTide []: -1.882178e-10 
(EccTimeEqtide) Timescale for Eccentricity Evolution (e/[de/dt]) in EqTide [sec]: 7.468161e+16 
(SemiTimeEqtide) Timescale for Semi-major Axis Evolution (a/[da/dt]) in EqTide [sec]: 4.852480e+16 
(DHEccDtEqtide) Time Rate of Change of Poincare's h in EqTide [/sec]: -0.000000 
(DKEccDtEqtide) Time Rate of Change of Poincare's k in EqTide [/sec]: -6.695089e-18 
(DXoblDtEqtide) Time Rate of Change of Laskar's X in EqTide [/sec]: 5.562685e-309 
(DYoblDtEqtide) Time Rate of Change of Laskar's Y in EqTide [/sec]: 5.562685e-309 
(DZoblDtEqtide) Time Rate of Change of Laskar's Z in EqTide [/sec]: 5.562685e-309 
(LockTime) Time when body tidally locked. [sec]: 0.000000 
(BodyDsemiDtEqtide) In EqTide, the total change in semi-major axis is due to dissipation in both bodies. This output parameter returns the change due to current body. []: -1.000000 
(BodyDeccDt) In EqTide, the total change in eccentricity is due to towrues on both bodies. This output parameter returns the change due to current body. []: -1.000000 
(DOblDtEqtide) Time Rate of Change of Obliquity in EqTide [rad/sec]: 5.562685e-309 
(DRotPerDtEqtide) Time Rate of Change of Rotation Period in EqTide []: -1.458776e-296 
(DRotRateDtEqtide) Time Rate of Change of Rotational Frequency in EqTide [/sec^2]: 5.562685e-309 
(EqRotRateDiscrete) CPL2 Discrete Equilibrium Spin Rate [/sec]: -1.000000 
(EqRotPerDiscrete) CPL2 Discrete Equilibrium Spin Period [sec]: -1.000000 
(EqRotRateCont) CPL2 Continuous Equilibrium Spin Rate [/sec]: 0.241378 
(EqRotPerCont) CPL2 Continuous Equilibrium Rotation Period [sec]: 26.030469 
(EqRotPer) Equilibrium Rotation Period [sec]: 4.059214e+06 
(EqTidePower) Equilibrium Power from Tides [/sec]: -1.000000 
(GammaRot) Gamma_Rotation [sec]: -1.000000 
(GammaOrb) Gamma_Orbital [sec]: -1.000000 
(OceanK2) Ocean's Love number k_2 []: 0.010000 
(EnvTidalQ) Envelope Tidal Q []: -1.000000 
(OceanTidalQ) Ocean Tidal Q []: -1.000000 
(TidalTau) Tidal Time Lag [sec]: 1.000000 
(TideLock) Tidally Locked? []: 1.000000 
(RotTimeEqtide) Timescale for Rotational Evolution in EqTide [sec]: 2.782617e+302 
(EnvK2) Envelope's Love number k_2 []: 0.010000 
(OblTimeEqtide) Timescale for Obliquity Evolution in EqTide []: -1.000000 
(PowerEqtide) Internal Power due to Tides in EqTide [TW]: 5.426368e-11 
(SurfEnFluxEqtide) Surface Energy Flux due to Tides in EqTide [kg*m^2/sec^2/(m^2*sec)]: 1.061492e-13 
Tidal Perturbers: sun
----- RADHEAT PARAMETERS (tidalearth)------
(26AlPowerMan) Total Power Generated by 26Al [kg*m^2/sec^3]: -0.000000 
(26AlPowerCore) Core Power Generated by 26Al [kg*m^2/sec^3]: -0.000000 
(26AlEnFlux) Surface Energy Flux from 26Al [kg*m^2/sec^2/(m^2*sec)]: -0.000000 
(D26AlPowerDt) Time Rate of Change of 26Al Power Generation []: -1.000000 
(D26AlNumManDt) Time Rate of Change of 26Al Heat Generation [/sec]: 0.000000 
(26AlMassMan) Mass of Mantle in 26Al [kg]: 0.000000 
(26AlMassCore) Mass of core in 26Al [kg]: 0.000000 
(26AlNumMan) Total Number of 26Al Atoms []: 0.000000 
(26AlNumCore) Total Core Number of 26Al Atoms []: 0.000000 
(26AlTimescale) Timescale for 26Al Power Generation []: -1.000000 
(26AlPowerTotal) Total Power from Decay of 26Al Atoms [kg*m^2/sec^3]: -0.000000 
(40KPowerMan) Total Power Generated by 40K [kg*m^2/sec^3]: 3.615780e+13 
(40KPowerCore) Core Power Generated by 40K [kg*m^2/sec^3]: 3.385730e+13 
(40KEnFlux) Surface Energy Flux from 40K [kg*m^2/sec^2/(m^2*sec)]: 0.164125 
(D40KPowerDt) Time Rate of Change of 40K Power Generation []: -1.000000 
(D40KNumManDt) Time Rate of Change of 40K Heat Generation [/sec]: -1.694596e+26 
(40KMassMan) Total Mass of 40K [kg]: 6.451091e+17 
(40KMassCore) Total Core Mass of 40K [kg]: 6.040647e+17 
(40KNumMan) Total Number of 40K Atoms []: 9.721094e+42 
(40KNumCore) Total Core Number of 40K Atoms []: 9.102600e+42 
(40KTimescale) Timescale for 40K Power Generation []: -1.000000 
(40KPowerCrust) Crust Power Generated by 40K [kg*m^2/sec^3]: 1.388590e+13 
(40KMassCrust) Total Crust Mass of 40K [kg]: 2.477452e+17 
(40KNumCrust) Total Crust Number of 40K Atoms []: 3.733251e+42 
(40KPowerTotal) Total Power from Decay of 40K Atoms [kg*m^2/sec^3]: 8.390100e+13 
(232ThPowerMan) Total Power Generated by 232Th [kg*m^2/sec^3]: 6.515750e+12 
(232ThPowerCore) Total Power Generated by 232Th [kg*m^2/sec^3]: 1.454100e+11 
(232ThEnFlux) Surface Energy Flux from 232Th [kg*m^2/sec^2/(m^2*sec)]: 0.020522 
(D232ThNumManDt) Time Rate of Change of the number of 232Th nuclei [/sec]: -9.534863e+23 
(232ThMassMan) Total Mass of 232Th [kg]: 2.342183e+17 
(232ThMassCore) Total Mass of 232Th [kg]: 5.226978e+15 
(232ThNumMan) Total Number of 232Th Atoms []: 6.078735e+41 
(232ThNumCore) Total Number of 232Th Atoms []: 1.356573e+40 
(232ThTimescale) Timescale for 232Th Power Generation []: -1.000000 
(232ThPowerCrust) Total Power Generated by 232Th [kg*m^2/sec^3]: 3.829910e+12 
(232ThMassCrust) Total Mass of 232Th [kg]: 1.376718e+17 
(232ThNumCrust) Total Number of 232Th Atoms []: 3.573036e+41 
(232ThPowerTotal) Total Power from Decay of 232Th Atoms [kg*m^2/sec^3]: 1.049107e+13 
(238UPowerMan) Total Power Generated by 238U [kg*m^2/sec^3]: 1.166910e+13 
(238UPowerCore) Total Core Power Generated by 238U [kg*m^2/sec^3]: 1.203810e+11 
(238UEnFlux) Surface Energy Flux due to 238U [kg*m^2/sec^2/(m^2*sec)]: 0.033161 
(D238UNumManDt) Time Rate of Change of the Number of 238U Nuclei [/sec]: -1.408812e+24 
(238UMassMan) Total Mass of 238U [kg]: 1.133820e+17 
(238UMassCore) Total Core Mass of 238U [kg]: 1.169673e+15 
(238UNumMan) Total Number of 238U Atoms []: 2.868305e+41 
(238UNumCore) Total Core Number of 238U Atoms []: 2.959006e+39 
(238UTimescale) Timescale for 238U Power Generation []: -1.000000 
(238UPowerCrust) Total Crust Power Generated by 238U [kg*m^2/sec^3]: 5.162370e+12 
(238UMassCrust) Total Crust Mass of 238U [kg]: 5.015980e+16 
(238UNumCrust) Total Crust Number of 238U Atoms []: 1.268928e+41 
(238UPowerTotal) Total Power from Decay of 238U Atoms [kg*m^2/sec^3]: 1.695185e+13 
(235UPowerMan) Total Power Generated by 235U [kg*m^2/sec^3]: 2.024900e+13 
(235UPowerCore) Total Core Power Generated by 235U [kg*m^2/sec^3]: 5.015860e+11 
(235UEnFlux) Surface Energy Flux due to 235U [kg*m^2/sec^2/(m^2*sec)]: 0.060916 
(D235UNumManDt) Time Rate of Change of the Number of 235U Nuclei [/sec]: -3.089017e+24 
(235UMassMan) Total Mass of 235U [kg]: 3.862657e+16 
(235UMassCore) Total Core Mass of 235U [kg]: 9.568150e+14 
(235UNumMan) Total Number of 235U Atoms []: 9.896646e+40 
(235UNumCore) Total Core Number of 235U Atoms []: 2.451489e+39 
(235UTimescale) Timescale for 235U Power Generation []: -1.000000 
(235UPowerCrust) Total Crust Power Generated by 235U [kg*m^2/sec^3]: 1.038960e+13 
(235UMassCrust) Total Crust Mass of 235U [kg]: 1.981898e+16 
(235UNumCrust) Total Crust Number of 235U Atoms []: 5.077890e+40 
(235UPowerTotal) Total Power from Decay of 235U Atoms [kg*m^2/sec^3]: 3.114019e+13 
(RadPowerMan) Total Power Generated by Radiogenic Nuclides in the mantle [TW]: 74.591650 
(RadPowerCore) Total Power Generated by Radiogenic Nuclides in Core [TW]: 34.624677 
(RadPowerCrust) Total Power Generated by Radiogenic Nuclides in the crust [TW]: 33.267780 
(RadPowerTotal) Total Power Generated by Radiogenic Nuclides in Total (M+C) [TW]: 142.484107 
(SurfEnFluxRadTotal) Total Surface Heat Flux Generated by Radiogenic Nuclides [kg*m^2/sec^2/(m^2*sec)]: 0.278724 
----- THERMINT PARAMETERS (tidalearth)------
(TMan) Mantle Temperature [K]: 3500.000000 
(TUMan) Upper Mantle Temperature [K]: 2450.000000 
(TLMan) Lower Mantle Temperature [K]: 4550.000000 
(TCore) Core Temperature [K]: 5500.000000 
(TCMB) CMB Temperature [K]: 4400.000000 
(BLUMan) Boundary Layer Thickness Upper Mantle [km]: 0.017833 
(BLLMan) Boundary Layer Thickness Lower Mantle [km]: 0.521534 
(TJumpUMan) Upper Mantle Temperature Jump [K]: 2150.000000 
(TJumpLMan) Lower Mantle Temperature Jump [K]: 150.000000 
(SignTJumpUMan) Sign of Upper Mantle Temperature Jump []: 1.000000 
(SignTJumpLMan) Sign of Lower Mantle Temperature Jump []: -1.000000 
(ViscLMan) Lower Mantle Viscosity [m^2/s]: 1.353015e+10 
(ShmodUMan) Shear Modulus Upper Mantle []: 95.354299 
(FMeltUMan) Melt Fraction Upper Mantle []: 1.000000 
(FMeltLMan) Melt Fraction Lower Mantle []: 0.807626 
(MeltfactorUMan) Melt Factor Upper Mantle []: 1.925879e+07 
(MeltfactorLMan) Melt Factor Lower Mantle []: 2.207154e+04 
(DepthMeltMan) Depth to base of Upper Mantle Melt Region []: 2.551889e+06 
(TDepthMeltMan) Temp at base of Upper Mantle Melt Region []: 3725.935396 
(TJumpMeltMan) Temp Jump across Upper Mantle Melt Region []: 2149.991083 
(MeltMassFluxMan) Mantle Melt Mass Flux [kg/s]: 1.101581e+11 
(ViscUManArr) Upper Mantle Arrhenius Viscosity [m^2/sec]: 1.493156e+14 
(RayleighMan) Mantle Rayleigh Number [nd]: 3.005042e+17 
(ViscMMan) Average (mid) Mantle Viscosity [m^2/sec]: 7.753114e+07 
(TDotMan) Change in Mantle Temperature [K/s]: -4.878183e-11 
(TDotCore) Change in Core Temperature [K/s]: 2.897543e-13 
(HfluxUMan) Heat Flux Upper Mantle []: 506.363430 
(HflowUMan) Heat Flow Upper Mantle [TW]: 2.582780e+05 
(HfluxLMan) Heat Flux Lower Mantle []: -2.876130 
(HflowLMan) Heat Flow Lower Mantle []: -4.379520e+14 
(HfluxCMB) Heat Flux Core-Mantle Boundary []: -2.876130 
(HflowCMB) Heat Flow Core-Mantle Boundary [TW]: -437.951969 
(HflowLatentMan) Latent Heat Flow Mantle []: 7.111567e+16 
(HflowMeltMan) Melt Heat Flow Mantle [TW]: 5.992025e+04 
(HflowLatentIC) Latent Heat Release at ICB []: 0.000000 
(PowerGravIC) Gravitational Power Release at ICB []: 0.000000 
(HflowSurf) Heat Flow Surface Total []: 3.181982e+17 
(HflowSecMan) Mantle Secular Heat Flow [TW]: 2.474459e+05 
(HfluxCMBAd) Adiabatic Heat Flux Core-Mantle Boundary []: 0.041915 
(HfluxCMBConv) Super-Adiabatic (convective) Heat Flux Core-Mantle Boundary []: -2.918046 
(RIC) Inner Core Radius [km]: 0.000000 
(DRICDTCMB) d(R_ic)/d(T_cmb) []: 0.000000 
(RICDot) Inner Core growth rate []: 0.000000 
(ChiOC) Light Element Concentration in Outer Core []: 0.094946 
(ChiIC) Light Element Concentration in Inner Core []: 0.000000 
(ThermConductOC) Thermal Conductivity of the Outer Core []: 110.000000 
(MassOC) Mass of Outer Core []: 1.941615e+24 
(MassIC) Mass of Inner Core []: 0.000000 
(MassChiOC) Mass of Chi in Outer Core []: 1.843482e+23 
(MassChiIC) Mass of Chi in Inner Core []: 0.000000 
(DTChi) Core Liquidus Depression []: 0.000000 
(CoreBuoyTherm) Core Thermal Buoyancy Flux [m^2/s^3]: -3.350859e-11 
(CoreBuoyCompo) Core Compositional Buoyancy Flux [m^2/s^3]: 0.000000 
(CoreBuoyTotal) Core Total Buoyancy Flux [m^2/s^3]: -3.350859e-11 
(GravICB) ICB Gravity []: 0.000000 
(MagMom) Core Magnetic Moment [EMAGMOM]: 0.000000 
(PresSWind) Stellar wind pressure at body []: 2.676100e-09 
(MagPauseRad) Magnetopause Radius [EMAGPAUSERAD]: 0.000000 
(ViscJumpMan) Mantle Viscosity Ratio []: 2.000000 
(EruptEff) Mantle Melt Eruption Efficiency []: 0.200000 
(TrefLind) Core Liquidus Lindeman Reference []: 5600.000000 
(DynViscUMan) Upper Mantle's Dynamic Viscosity [kg*m^2/sec^2]: 1.938278e+08 
Output Order: Time[Gyr] TMan[K] TUMan[K] TLMan[K] TCMB[K] TCore[K] HflowUMan[TW] HflowMeltMan[TW] RadPowerMan[TW] RadPowerCore[TW] RadPowerCrust[TW] HflowCMB[TW] HflowSecMan[TW] TDotMan[K/s] TDotCore[K/s] TJumpLMan[K] TJumpUMan[K] RIC[km] RayleighMan[nd] ViscUMan[m^2/s] ViscLMan[m^2/s] MeltMassFluxMan[kg/s] FMeltUMan[kg/s] MagMom[EMAGMOM] CoreBuoyTherm[m^2/s^3] CoreBuoyCompo[m^2/s^3] CoreBuoyTotal[m^2/s^3] MagPauseRad[EMAGPAUSERAD] BLUMan[km] BLLMan[km] K2[] ImK2[] SemiMajorAxis[au] Eccentricity[] ShmodUMan[] MeanMotion[/year] ViscUManArr[au^2/year] ChiOC[au^2/year] ChiIC[au^2/year] MassChiOC[Msun] MassChiIC[Msun] MassOC[Msun] MassIC[Msun] RadPowerTotal[TW] SurfEnFluxEqtide[Msun*au^2/year^2/(au^2*year)] PowerEqtide[TW] TideLock[TW]
Grid Output Order:



---- FINAL SYSTEM PROPERTIES ----
(Age) System Age [sec]: 3.155760e+16 
(Time) Simulation Time [sec]: 3.155760e+16 
(TotAngMom) Total Angular Momentum [kg*m^2/sec]: 3.073328e+35 
(TotEnergy) Total System Energy [kg*m^2/sec^2]: -2.444982e+32 
(PotEnergy) Body's non-orbital Potential Energy [kg*m^2/sec^2]: -2.035337e+31 
(KinEnergy) Body's non-orbital Kinetic Energy [kg*m^2/sec^2]: 2.634604e+23 
(DeltaTime) Average Timestep Over Last Output Interval [sec]: 1.681467e+07 

----- BODY: sun ----
Active Modules: EqTide STELLAR
Module Bit Sum: 67
Color: 000000
(Mass) Mass [kg]: 7.047179e+23 
(Obliquity) Obliquity [rad]: 0.000000 
(PrecA) Body's precession angle [rad]: 0.785398 
(Xobl) Body's sin(obliquity)*cos(precession angle) []: 1.755450e-292 
(Yobl) Body's sin(obliquity)*sin(precession angle) []: 1.755450e-292 
(Zobl) Body's cos(obliquity) []: 1.000000 
(Radius) Radius [m]: 9.771249e+05 
(RadGyra) Radius of Gyration/Moment of Inertia Constant []: 0.500000 
(RotAngMom) Rotational Angular Momentum [kg*m^2/sec]: 2.977148e+29 
(RotKinEnergy) Body's Rotational Energy [kg*m^2/sec^2]: 2.634604e+23 
(RotVel) Rotational Velocity [m/sec]: 1.729398 
(BodyType) Type of Body (0 == planet) []: 0.000000 
(RotRate) Rotational Frequency [/sec]: 1.769885e-06 
(RotPer) Rotational Period [sec]: 3.550054e+06 
(Density) Average Density [kg/m^3]: 1.803335e+05 
(SurfEnFluxTotal) Total Surface Energy Flux [kg*m^2/sec^2/(m^2*sec)]: 0.000000 
(TidalQ) Tidal Q []: 1.000000e+06 
(ImK2) Im(k_2) []: -1.500000e-06 
(K2) k_2 []: 1.500000 
(K2Man) Real Love Number k2 Mantle []: 0.010000 
(Imk2Man) Imaginary Love Number k2 Mantle []: 0.000000 
(TidalQMantle) Mantle's Tidal Q []: 100.000000 
(HEcc) Poincare's h (=e*sin(varpi) []: 0.000000 
(HZLimitDryRunaway) Semi-major axis of Dry Runaway HZ Limit [m]: 5.149026e+09 
(HZLimRecVenus) Recent Venus HZ Limit [m]: 4.243088e+09 
(HZLimRunaway) Runaway Greenhouse HZ Limit [m]: 5.540665e+09 
(HZLimMoistGreenhouse) Moist Greenhouse HZ Limit [m]: 5.614262e+09 
(HZLimMaxGreenhouse) Maximum Greenhouse HZ Limit [m]: 9.516410e+09 
(HZLimEarlyMars) Early Mars HZ Limit [m]: 1.038317e+10 
(Instellation) Orbit-averaged INcident STELLar radiATION [kg*m^2/sec^2/(m^2*sec)]: -1.000000 
(KEcc) Poincare's k (=e*cos(varpi) []: 0.000000 
(Eccentricity) Orbital Eccentricity []: -1.000000 
(OrbEnergy) Body's Total Orbital Energy [kg*m^2/sec^2]: 0.000000 
(MeanMotion) Orbital Mean Motion [/sec]: -1.000000 
(OrbPeriod) Orbital Period [sec]: -1.000000 
(SemiMajorAxis) Semi-major Axis [m]: -1.000000 
(CriticalSemiMajorAxis) Holman & Wiegert (1999) P-type Critical Semi-major Axis [m]: -1.000000 
(COPP) Climate Obliquity Precession Parameter []: 0.000000 
(OrbAngMom) Orbital Angular Momentum [kg*m^2/sec]: 0.000000 
(LongP) Body's Longitude of pericenter [rad]: 0.000000 
(LXUVTot) Total XUV Luminosity [kg*m^2/sec^2/(m^2*sec)]: 3.256628e+19 
(TotOrbEnergy) System's Total Orbital Energy [kg*m^2/sec^2]: -2.053205e+29 
(OrbPotEnergy) Body's Orbital Potential Energy [kg*m^2/sec^2]: -1.000000 
(LostEnergy) Body's Total Lost Energy [kg*m^2/sec^2]: 8.467716e+25 
(LostAngMom) Lost Angular Momentum due to Magnetic Braking [kg*m^2/sec]: 5.041750e+31 
----- EQTIDE PARAMETERS (sun)------
(LockTime) Time when body tidally locked. [sec]: -1.000000 
(BodyDsemiDtEqtide) In EqTide, the total change in semi-major axis is due to dissipation in both bodies. This output parameter returns the change due to current body. []: -1.000000 
(BodyDeccDt) In EqTide, the total change in eccentricity is due to towrues on both bodies. This output parameter returns the change due to current body. []: -1.000000 
(DOblDtEqtide) Time Rate of Change of Obliquity in EqTide [rad/sec]: 5.562685e-309 
(DRotPerDtEqtide) Time Rate of Change of Rotation Period in EqTide []: -1.115769e-296 
(DRotRateDtEqtide) Time Rate of Change of Rotational Frequency in EqTide [/sec^2]: 5.562685e-309 
(EqRotRateDiscrete) CPL2 Discrete Equilibrium Spin Rate [/sec]: -1.000000 
(EqRotPerDiscrete) CPL2 Discrete Equilibrium Spin Period [sec]: -1.000000 
(EqRotRateCont) CPL2 Continuous Equilibrium Spin Rate [/sec]: 0.220973 
(EqRotPerCont) CPL2 Continuous Equilibrium Rotation Period [sec]: 28.434145 
(EqRotPer) Equilibrium Rotation Period [sec]: 3.550053e+06 
(EqTidePower) Equilibrium Power from Tides [/sec]: -1.000000 
(GammaRot) Gamma_Rotation [sec]: -1.000000 
(GammaOrb) Gamma_Orbital [sec]: -1.000000 
(OceanK2) Ocean's Love number k_2 []: 0.010000 
(EnvTidalQ) Envelope Tidal Q []: -1.000000 
(OceanTidalQ) Ocean Tidal Q []: -1.000000 
(TidalTau) Tidal Time Lag [sec]: 1.000000 
(TideLock) Tidally Locked? []: 1.000000 
(RotTimeEqtide) Timescale for Rotational Evolution in EqTide [sec]: 3.181709e+302 
(EnvK2) Envelope's Love number k_2 []: 0.010000 
(OblTimeEqtide) Timescale for Obliquity Evolution in EqTide []: -1.000000 
(PowerEqtide) Internal Power due to Tides in EqTide [kg*m^2/sec^3]: 0.000000 
(SurfEnFluxEqtide) Surface Energy Flux due to Tides in EqTide [kg*m^2/sec^2/(m^2*sec)]: 0.000000 
Tidal Perturbers: tidalearth
----- STELLAR PARAMETERS (sun)------
(Luminosity) Luminosity [kg*m^2/sec^3]: 5.530548e+23 
(LXUVStellar) Base X-ray/XUV Luminosity [kg*m^2/sec^3]: 3.256628e+19 
(Temperature) Effective Temperature [K]: 5778.000000 
(LXUVFrac) Fraction of luminosity in XUV []: 5.888437e-05 
(RossbyNumber) Rossby Number []: 3.215578 
(DRotPerDtStellar) Time Rate of Change of Rotation Period in STELLAR []: 2.601037e-08 
Output Order:
Grid Output Order:

----- BODY: tidalearth ----
Active Modules: EqTide RadHeat ThermInt
Module Bit Sum: 135
Color: 000000
(Mass) Mass [kg]: 5.972186e+24 
(Obliquity) Obliquity [rad]: 0.698132 
(PrecA) Body's precession angle [rad]: 2.730995e-292 
(Xobl) Body's sin(obliquity)*cos(precession angle) []: 0.642788 
(Yobl) Body's sin(obliquity)*sin(precession angle) []: 1.755450e-292 
(Zobl) Body's cos(obliquity) []: 0.766044 
(Radius) Radius [m]: 6.378100e+06 
(RadGyra) Radius of Gyration/Moment of Inertia Constant []: 0.500000 
(RotAngMom) Rotational Angular Momentum [kg*m^2/sec]: 1.074981e+32 
(RotKinEnergy) Body's Rotational Energy [kg*m^2/sec^2]: 9.512964e+25 
(RotVel) Rotational Velocity [m/sec]: 11.288501 
(BodyType) Type of Body (0 == planet) []: 0.000000 
(RotRate) Rotational Frequency [/sec]: 1.769885e-06 
(RotPer) Rotational Period [sec]: 3.550054e+06 
(Density) Average Density [kg/m^3]: 5495.038549 
(SurfEnFluxTotal) Total Surface Energy Flux [kg*m^2/sec^2/(m^2*sec)]: 0.161701 
(TidalQ) Tidal Q []: 23.471356 
(ImK2) Im(k_2) []: -0.002046 
(K2) k_2 []: 1.450235 
(K2Man) Real Love Number k2 Mantle []: 1.450235 
(Imk2Man) Imaginary Love Number k2 Mantle []: -0.002046 
(TidalQMantle) Mantle's Tidal Q []: 23.471356 
(ViscUMan) Upper Mantle Viscosity [m^2/s]: 4.914722e+16 
(HEcc) Poincare's h (=e*sin(varpi) []: 0.000000 
(HZLimitDryRunaway) Semi-major axis of Dry Runaway HZ Limit [m]: 5.833759e+09 
(HZLimRecVenus) Recent Venus HZ Limit [m]: 4.243088e+09 
(HZLimRunaway) Runaway Greenhouse HZ Limit [m]: 5.540665e+09 
(HZLimMoistGreenhouse) Moist Greenhouse HZ Limit [m]: 5.614262e+09 
(HZLimMaxGreenhouse) Maximum Greenhouse HZ Limit [m]: 9.516410e+09 
(HZLimEarlyMars) Early Mars HZ Limit [m]: 1.038317e+10 
(Instellation) Orbit-averaged INcident STELLar radiATION [kg*m^2/sec^2/(m^2*sec)]: 1.065615e+05 
(KEcc) Poincare's k (=e*cos(varpi) []: 0.470076 
(Eccentricity) Orbital Eccentricity []: 0.470076 
(OrbEnergy) Body's Total Orbital Energy [kg*m^2/sec^2]: -2.053205e+29 
(MeanMotion) Orbital Mean Motion [/sec]: 1.179923e-06 
(OrbPeriod) Orbital Period [sec]: 5.325080e+06 
(SemiMajorAxis) Semi-major Axis [m]: 6.840545e+08 
(CriticalSemiMajorAxis) Holman & Wiegert (1999) P-type Critical Semi-major Axis [m]: -1.000000 
(COPP) Climate Obliquity Precession Parameter []: 0.000000 
(OrbAngMom) Orbital Angular Momentum [kg*m^2/sec]: 3.071746e+35 
(LongP) Body's Longitude of pericenter [rad]: 0.000000 
(TotOrbEnergy) System's Total Orbital Energy [kg*m^2/sec^2]: -2.053205e+29 
(OrbPotEnergy) Body's Orbital Potential Energy [kg*m^2/sec^2]: -4.106411e+29 
(LostEnergy) Body's Total Lost Energy [kg*m^2/sec^2]: 1.755450e-292 
----- EQTIDE PARAMETERS (tidalearth)------
(TidalRadius) In EqTide, the value of the radius that enters the tidal evolution equations. This parameter is distinct from others, such as the radius of XUV absorption or a pressure level in an atmosphere. [m]: 6.378100e+06 
(DsemiDtEqtide) Total da/dt from EqTide [m/sec]: -1.924357e-09 
(DeccDtEqtide) Total de/dt from EqTide [/sec]: -9.721132e-19 
(DMeanMotionDtEqtide) Total dMeanMotion/dt from EqTide [/sec^2]: 4.978976e-24 
(DOrbPerDtEqtide) Total dOrbPer/dt from EqTide []: -2.247049e-11 
(EccTimeEqtide) Timescale for Eccentricity Evolution (e/[de/dt]) in EqTide [sec]: 4.835612e+17 
(SemiTimeEqtide) Timescale for Semi-major Axis Evolution (a/[da/dt]) in EqTide [sec]: 3.554716e+17 
(DHEccDtEqtide) Time Rate of Change of Poincare's h in EqTide [/sec]: -0.000000 
(DKEccDtEqtide) Time Rate of Change of Poincare's k in EqTide [/sec]: -9.721132e-19 
(DXoblDtEqtide) Time Rate of Change of Laskar's X in EqTide [/sec]: 5.562685e-309 
(DYoblDtEqtide) Time Rate of Change of Laskar's Y in EqTide [/sec]: 5.562685e-309 
(DZoblDtEqtide) Time Rate of Change of Laskar's Z in EqTide [/sec]: 5.562685e-309 
(LockTime) Time when body tidally locked. [sec]: 0.000000 
(BodyDsemiDtEqtide) In EqTide, the total change in semi-major axis is due to dissipation in both bodies. This output parameter returns the change due to current body. []: -1.000000 
(BodyDeccDt) In EqTide, the total change in eccentricity is due to towrues on both bodies. This output parameter returns the change due to current body. []: -1.000000 
(DOblDtEqtide) Time Rate of Change of Obliquity in EqTide [rad/sec]: 5.562685e-309 
(DRotPerDtEqtide) Time Rate of Change of Rotation Period in EqTide []: -1.115769e-296 
(DRotRateDtEqtide) Time Rate of Change of Rotational Frequency in EqTide [/sec^2]: 5.562685e-309 
(EqRotRateDiscrete) CPL2 Discrete Equilibrium Spin Rate [/sec]: -1.000000 
(EqRotPerDiscrete) CPL2 Discrete Equilibrium Spin Period [sec]: -1.000000 
(EqRotRateCont) CPL2 Continuous Equilibrium Spin Rate [/sec]: 0.213351 
(EqRotPerCont) CPL2 Continuous Equilibrium Rotation Period [sec]: 29.449980 
(EqRotPer) Equilibrium Rotation Period [sec]: 3.550053e+06 
(EqTidePower) Equilibrium Power from Tides [/sec]: -1.000000 
(GammaRot) Gamma_Rotation [sec]: -1.000000 
(GammaOrb) Gamma_Orbital [sec]: -1.000000 
(OceanK2) Ocean's Love number k_2 []: 0.010000 
(EnvTidalQ) Envelope Tidal Q []: -1.000000 
(OceanTidalQ) Ocean Tidal Q []: -1.000000 
(TidalTau) Tidal Time Lag [sec]: 1.000000 
(TideLock) Tidally Locked? []: 1.000000 
(RotTimeEqtide) Timescale for Rotational Evolution in EqTide [sec]: 3.181709e+302 
(EnvK2) Envelope's Love number k_2 []: 0.010000 
(OblTimeEqtide) Timescale for Obliquity Evolution in EqTide []: -1.000000 
(PowerEqtide) Internal Power due to Tides in EqTide [TW]: 0.006215 
(SurfEnFluxEqtide) Surface Energy Flux due to Tides in EqTide [kg*m^2/sec^2/(m^2*sec)]: 1.215760e-05 
Tidal Perturbers: sun
----- RADHEAT PARAMETERS (tidalearth)------
(26AlPowerMan) Total Power Generated by 26Al [kg*m^2/sec^3]: -0.000000 
(26AlPowerCore) Core Power Generated by 26Al [kg*m^2/sec^3]: -0.000000 
(26AlEnFlux) Surface Energy Flux from 26Al [kg*m^2/sec^2/(m^2*sec)]: -0.000000 
(D26AlPowerDt) Time Rate of Change of 26Al Power Generation []: -1.000000 
(D26AlNumManDt) Time Rate of Change of 26Al Heat Generation [/sec]: 0.000000 
(26AlMassMan) Mass of Mantle in 26Al [kg]: 0.000000 
(26AlMassCore) Mass of core in 26Al [kg]: 0.000000 
(26AlNumMan) Total Number of 26Al Atoms []: 0.000000 
(26AlNumCore) Total Core Number of 26Al Atoms []: 0.000000 
(26AlTimescale) Timescale for 26Al Power Generation []: -1.000000 
(26AlPowerTotal) Total Power from Decay of 26Al Atoms [kg*m^2/sec^3]: -0.000000 
(40KPowerMan) Total Power Generated by 40K [kg*m^2/sec^3]: 2.085880e+13 
(40KPowerCore) Core Power Generated by 40K [kg*m^2/sec^3]: 1.953168e+13 
(40KEnFlux) Surface Energy Flux from 40K [kg*m^2/sec^2/(m^2*sec)]: 0.094681 
(D40KPowerDt) Time Rate of Change of 40K Power Generation []: -1.000000 
(D40KNumManDt) Time Rate of Change of 40K Heat Generation [/sec]: -9.775825e+25 
(40KMassMan) Total Mass of 40K [kg]: 3.721516e+17 
(40KMassCore) Total Core Mass of 40K [kg]: 3.484739e+17 
(40KNumMan) Total Number of 40K Atoms []: 5.607922e+42 
(40KNumCore) Total Core Number of 40K Atoms []: 5.251124e+42 
(40KTimescale) Timescale for 40K Power Generation []: -1.000000 
(40KPowerCrust) Crust Power Generated by 40K [kg*m^2/sec^3]: 8.010532e+12 
(40KMassCrust) Total Crust Mass of 40K [kg]: 1.429197e+17 
(40KNumCrust) Total Crust Number of 40K Atoms []: 2.153644e+42 
(40KPowerTotal) Total Power from Decay of 40K Atoms [kg*m^2/sec^3]: 4.840101e+13 
(232ThPowerMan) Total Power Generated by 232Th [kg*m^2/sec^3]: 6.201073e+12 
(232ThPowerCore) Total Power Generated by 232Th [kg*m^2/sec^3]: 1.383874e+11 
(232ThEnFlux) Surface Energy Flux from 232Th [kg*m^2/sec^2/(m^2*sec)]: 0.019531 
(D232ThNumManDt) Time Rate of Change of the number of 232Th nuclei [/sec]: -9.074378e+23 
(232ThMassMan) Total Mass of 232Th [kg]: 2.229068e+17 
(232ThMassCore) Total Mass of 232Th [kg]: 4.974542e+15 
(232ThNumMan) Total Number of 232Th Atoms []: 5.785163e+41 
(232ThNumCore) Total Number of 232Th Atoms []: 1.291057e+40 
(232ThTimescale) Timescale for 232Th Power Generation []: -1.000000 
(232ThPowerCrust) Total Power Generated by 232Th [kg*m^2/sec^3]: 3.644945e+12 
(232ThMassCrust) Total Mass of 232Th [kg]: 1.310230e+17 
(232ThNumCrust) Total Number of 232Th Atoms []: 3.400476e+41 
(232ThPowerTotal) Total Power from Decay of 232Th Atoms [kg*m^2/sec^3]: 9.984405e+12 
(238UPowerMan) Total Power Generated by 238U [kg*m^2/sec^3]: 9.993594e+12 
(238UPowerCore) Total Core Power Generated by 238U [kg*m^2/sec^3]: 1.030961e+11 
(238UEnFlux) Surface Energy Flux due to 238U [kg*m^2/sec^2/(m^2*sec)]: 0.028399 
(D238UNumManDt) Time Rate of Change of the Number of 238U Nuclei [/sec]: -1.206528e+24 
(238UMassMan) Total Mass of 238U [kg]: 9.710203e+16 
(238UMassCore) Total Core Mass of 238U [kg]: 1.001726e+15 
(238UNumMan) Total Number of 238U Atoms []: 2.456460e+41 
(238UNumCore) Total Core Number of 238U Atoms []: 2.534138e+39 
(238UTimescale) Timescale for 238U Power Generation []: -1.000000 
(238UPowerCrust) Total Crust Power Generated by 238U [kg*m^2/sec^3]: 4.421132e+12 
(238UMassCrust) Total Crust Mass of 238U [kg]: 4.295761e+16 
(238UNumCrust) Total Crust Number of 238U Atoms []: 1.086729e+41 
(238UPowerTotal) Total Power from Decay of 238U Atoms [kg*m^2/sec^3]: 1.451782e+13 
(235UPowerMan) Total Power Generated by 235U [kg*m^2/sec^3]: 7.561771e+12 
(235UPowerCore) Total Core Power Generated by 235U [kg*m^2/sec^3]: 1.873119e+11 
(235UEnFlux) Surface Energy Flux due to 235U [kg*m^2/sec^2/(m^2*sec)]: 0.022748 
(D235UNumManDt) Time Rate of Change of the Number of 235U Nuclei [/sec]: -1.153560e+24 
(235UMassMan) Total Mass of 235U [kg]: 1.442461e+16 
(235UMassCore) Total Core Mass of 235U [kg]: 3.573105e+14 
(235UNumMan) Total Number of 235U Atoms []: 3.695778e+40 
(235UNumCore) Total Core Number of 235U Atoms []: 9.154776e+38 
(235UTimescale) Timescale for 235U Power Generation []: -1.000000 
(235UPowerCrust) Total Crust Power Generated by 235U [kg*m^2/sec^3]: 3.879884e+12 
(235UMassCrust) Total Crust Mass of 235U [kg]: 7.401151e+15 
(235UNumCrust) Total Crust Number of 235U Atoms []: 1.896274e+40 
(235UPowerTotal) Total Power from Decay of 235U Atoms [kg*m^2/sec^3]: 1.162897e+13 
(RadPowerMan) Total Power Generated by Radiogenic Nuclides in the mantle [TW]: 44.615237 
(RadPowerCore) Total Power Generated by Radiogenic Nuclides in Core [TW]: 19.960476 
(RadPowerCrust) Total Power Generated by Radiogenic Nuclides in the crust [TW]: 19.956493 
(RadPowerTotal) Total Power Generated by Radiogenic Nuclides in Total (M+C) [TW]: 84.532228 
(SurfEnFluxRadTotal) Total Surface Heat Flux Generated by Radiogenic Nuclides [kg*m^2/sec^2/(m^2*sec)]: 0.165360 
----- THERMINT PARAMETERS (tidalearth)------
(TMan) Mantle Temperature [K]: 2389.663242 
(TUMan) Upper Mantle Temperature [K]: 1672.764269 
(TLMan) Lower Mantle Temperature [K]: 3106.562214 
(TCore) Core Temperature [K]: 5436.097942 
(TCMB) CMB Temperature [K]: 4348.878353 
(BLUMan) Boundary Layer Thickness Upper Mantle [km]: 38.327797 
(BLLMan) Boundary Layer Thickness Lower Mantle [km]: 70.760207 
(TJumpUMan) Upper Mantle Temperature Jump [K]: 1372.764269 
(TJumpLMan) Lower Mantle Temperature Jump [K]: 1242.316139 
(SignTJumpUMan) Sign of Upper Mantle Temperature Jump []: 1.000000 
(SignTJumpLMan) Sign of Lower Mantle Temperature Jump []: 1.000000 
(ViscLMan) Lower Mantle Viscosity [m^2/s]: 2.798729e+17 
(ShmodUMan) Shear Modulus Upper Mantle []: 6.176672e+10 
(FMeltUMan) Melt Fraction Upper Mantle []: 0.338051 
(FMeltLMan) Melt Fraction Lower Mantle []: 0.000000 
(MeltfactorUMan) Melt Factor Upper Mantle []: 2.847291 
(MeltfactorLMan) Melt Factor Lower Mantle []: 1.000000 
(DepthMeltMan) Depth to base of Upper Mantle Melt Region []: 2.502780e+05 
(TDepthMeltMan) Temp at base of Upper Mantle Melt Region []: 1778.739395 
(TJumpMeltMan) Temp Jump across Upper Mantle Melt Region []: 1353.600370 
(MeltMassFluxMan) Mantle Melt Mass Flux [kg/s]: 1.732646e+07 
(ViscUManArr) Upper Mantle Arrhenius Viscosity [m^2/sec]: 1.399365e+17 
(RayleighMan) Mantle Rayleigh Number [nd]: 5.389953e+07 
(ViscMMan) Average (mid) Mantle Viscosity [m^2/sec]: 4.914722e+17 
(TDotMan) Change in Mantle Temperature [K/s]: -1.822247e-15 
(TDotCore) Change in Core Temperature [K/s]: -4.152982e-15 
(HfluxUMan) Heat Flux Upper Mantle []: 0.150429 
(HflowUMan) Heat Flow Upper Mantle [TW]: 76.728458 
(HfluxLMan) Heat Flux Lower Mantle []: 0.175567 
(HflowLMan) Heat Flow Lower Mantle []: 2.673382e+13 
(HfluxCMB) Heat Flux Core-Mantle Boundary []: 0.175567 
(HflowCMB) Heat Flow Core-Mantle Boundary [TW]: 26.733815 
(HflowLatentMan) Latent Heat Flow Mantle []: 2.063466e+12 
(HflowMeltMan) Melt Heat Flow Mantle [TW]: 5.933637 
(HflowLatentIC) Latent Heat Release at ICB []: 0.000000 
(PowerGravIC) Gravitational Power Release at ICB []: 0.000000 
(HflowSurf) Heat Flow Surface Total []: 8.266209e+13 
(HflowSecMan) Mantle Secular Heat Flow [TW]: 9.243350 
(HfluxCMBAd) Adiabatic Heat Flux Core-Mantle Boundary []: 0.040947 
(HfluxCMBConv) Super-Adiabatic (convective) Heat Flux Core-Mantle Boundary []: 0.134620 
(RIC) Inner Core Radius [km]: 0.000000 
(DRICDTCMB) d(R_ic)/d(T_cmb) []: 0.000000 
(RICDot) Inner Core growth rate []: 0.000000 
(ChiOC) Light Element Concentration in Outer Core []: 0.094946 
(ChiIC) Light Element Concentration in Inner Core []: 0.000000 
(ThermConductOC) Thermal Conductivity of the Outer Core []: 108.721959 
(MassOC) Mass of Outer Core []: 1.941615e+24 
(MassIC) Mass of Inner Core []: 0.000000 
(MassChiOC) Mass of Chi in Outer Core []: 1.843482e+23 
(MassChiIC) Mass of Chi in Inner Core []: 0.000000 
(DTChi) Core Liquidus Depression []: 0.000000 
(CoreBuoyTherm) Core Thermal Buoyancy Flux [m^2/s^3]: 1.545876e-12 
(CoreBuoyCompo) Core Compositional Buoyancy Flux [m^2/s^3]: 0.000000 
(CoreBuoyTotal) Core Total Buoyancy Flux [m^2/s^3]: 1.545876e-12 
(GravICB) ICB Gravity []: 0.000000 
(MagMom) Core Magnetic Moment [EMAGMOM]: 1.190011 
(PresSWind) Stellar wind pressure at body []: 2.676100e-09 
(MagPauseRad) Magnetopause Radius [EMAGPAUSERAD]: 1.059761 
(ViscJumpMan) Mantle Viscosity Ratio []: 2.000000 
(EruptEff) Mantle Melt Eruption Efficiency []: 0.200000 
(TrefLind) Core Liquidus Lindeman Reference []: 5600.000000 
(DynViscUMan) Upper Mantle's Dynamic Viscosity [kg*m^2/sec^2]: 1.228681e+18 
Output Order: Time[Gyr] TMan[K] TUMan[K] TLMan[K] TCMB[K] TCore[K] HflowUMan[TW] HflowMeltMan[TW] RadPowerMan[TW] RadPowerCore[TW] RadPowerCrust[TW] HflowCMB[TW] HflowSecMan[TW] TDotMan[K/s] TDotCore[K/s] TJumpLMan[K] TJumpUMan[K] RIC[km] RayleighMan[nd] ViscUMan[m^2/s] ViscLMan[m^2/s] MeltMassFluxMan[kg/s] FMeltUMan[kg/s] MagMom[EMAGMOM] CoreBuoyTherm[m^2/s^3] CoreBuoyCompo[m^2/s^3] CoreBuoyTotal[m^2/s^3] MagPauseRad[EMAGPAUSERAD] BLUMan[km] BLLMan[km] K2[] ImK2[] SemiMajorAxis[au] Eccentricity[] ShmodUMan[] MeanMotion[/year] ViscUManArr[au^2/year] ChiOC[au^2/year] ChiIC[au^2/year] MassChiOC[Msun] MassChiIC[Msun] MassOC[Msun] MassIC[Msun] RadPowerTotal[TW] SurfEnFluxEqtide[Msun*au^2/year^2/(au^2*year)] PowerEqtide[TW] TideLock[TW]
Grid Output Order:
